<?xml version="1.0" encoding="UTF-8"?>
<!-- Generated by org.testng.reporters.JUnitReportReporter -->
<testsuite hostname="LIN51017085" failures="0" tests="1" name="com.magicbricks.propertyServices.DemoTest" time="7.831" errors="0" timestamp="2023-06-26T09:12:45 IST" skipped="0">
  <testcase classname="com.magicbricks.propertyServices.DemoTest" name="f" time="7.831"/>
</testsuite> <!-- com.magicbricks.propertyServices.DemoTest -->
