<?xml version="1.0" encoding="UTF-8"?>
<!-- Generated by org.testng.reporters.JUnitReportReporter -->
<testsuite hostname="LIN51017085" failures="0" tests="6" name="com.magicbricks.propertyServices.TestRunner" time="85.940" errors="0" timestamp="2023-06-29T13:36:13 IST" skipped="0">
  <testcase classname="com.magicbricks.propertyServices.TestRunner" name="runScenario" time="7.488"/>
  <testcase classname="com.magicbricks.propertyServices.TestRunner" name="runScenario" time="22.061"/>
  <testcase classname="com.magicbricks.propertyServices.TestRunner" name="runScenario" time="20.085"/>
  <testcase classname="com.magicbricks.propertyServices.TestRunner" name="runScenario" time="7.331"/>
  <testcase classname="com.magicbricks.propertyServices.TestRunner" name="runScenario" time="6.993"/>
  <testcase classname="com.magicbricks.propertyServices.TestRunner" name="runScenario" time="21.982"/>
</testsuite> <!-- com.magicbricks.propertyServices.TestRunner -->
