<?xml version="1.0" encoding="UTF-8"?>
<!-- Generated by org.testng.reporters.JUnitReportReporter -->
<testsuite hostname="LIN51017085" failures="0" tests="11" name="com.magicbricks.steps.PackersAndMoversSteps" time="13.737" errors="0" timestamp="2023-06-23T15:08:46 IST" skipped="0">
  <testcase classname="com.magicbricks.steps.PackersAndMoversSteps" name="user_is_on_home_page" time="0.031"/>
  <testcase classname="com.magicbricks.steps.PackersAndMoversSteps" name="clicks_on_property_services" time="0.181"/>
  <testcase classname="com.magicbricks.steps.PackersAndMoversSteps" name="selects_view_all_services" time="0.203"/>
  <testcase classname="com.magicbricks.steps.PackersAndMoversSteps" name="user_is_redirected_to_property_services_page" time="2.521"/>
  <testcase classname="com.magicbricks.steps.PackersAndMoversSteps" name="user_is_on_property_services_page" time="6.867"/>
  <testcase classname="com.magicbricks.steps.PackersAndMoversSteps" name="clicks_on_packers_movers_link" time="0.129"/>
  <testcase classname="com.magicbricks.steps.PackersAndMoversSteps" name="ser_provides_and" time="2.763"/>
  <testcase classname="com.magicbricks.steps.PackersAndMoversSteps" name="clicks_on_check_prices" time="1.038"/>
  <testcase classname="com.magicbricks.steps.PackersAndMoversSteps" name="user_provide_all_pickup_details" time="0.001"/>
  <testcase classname="com.magicbricks.steps.PackersAndMoversSteps" name="clicks_on_proceed" time="0.001"/>
  <testcase classname="com.magicbricks.steps.PackersAndMoversSteps" name="user_hired_packers_and_movers_successfully" time="0.002"/>
</testsuite> <!-- com.magicbricks.steps.PackersAndMoversSteps -->
